  [4;36;1mSQL (0.2ms)[0m   [0;1m SELECT name
 FROM sqlite_master
 WHERE type = 'table' AND NOT name = 'sqlite_sequence'
[0m
  [4;35;1mSQL (0.1ms)[0m   [0mselect sqlite_version(*)[0m
  [4;36;1mSQL (10.8ms)[0m   [0;1mCREATE TABLE "schema_migrations" ("version" varchar(255) NOT NULL) [0m
  [4;35;1mSQL (7.7ms)[0m   [0mCREATE UNIQUE INDEX "unique_schema_migrations" ON "schema_migrations" ("version")[0m
  [4;36;1mSQL (0.1ms)[0m   [0;1m SELECT name
 FROM sqlite_master
 WHERE type = 'table' AND NOT name = 'sqlite_sequence'
[0m
  [4;35;1mSQL (0.1ms)[0m   [0mSELECT version FROM schema_migrations[0m
Migrating to CreateMasters (20090909135136)
  [4;36;1mSQL (0.3ms)[0m   [0;1mCREATE TABLE "masters" ("id" INTEGER PRIMARY KEY AUTOINCREMENT NOT NULL, "descrizione" varchar(255), "created_at" datetime, "updated_at" datetime) [0m
  [4;35;1mSQL (0.1ms)[0m   [0mINSERT INTO schema_migrations (version) VALUES ('20090909135136')[0m
Migrating to CreateDetails (20090909135156)
  [4;36;1mSQL (0.3ms)[0m   [0;1mCREATE TABLE "details" ("id" INTEGER PRIMARY KEY AUTOINCREMENT NOT NULL, "descrizione" varchar(255), "master_id" integer, "created_at" datetime, "updated_at" datetime) [0m
  [4;35;1mSQL (0.1ms)[0m   [0mINSERT INTO schema_migrations (version) VALUES ('20090909135156')[0m
  [4;36;1mSQL (0.5ms)[0m   [0;1m SELECT name
 FROM sqlite_master
 WHERE type = 'table' AND NOT name = 'sqlite_sequence'
[0m
  [4;35;1mSQL (0.2ms)[0m   [0mSELECT version FROM schema_migrations[0m
  [4;36;1mSQL (0.2ms)[0m   [0;1m SELECT name
 FROM sqlite_master
 WHERE type = 'table' AND NOT name = 'sqlite_sequence'
[0m
  [4;35;1mSQL (0.1ms)[0m   [0mPRAGMA index_list("details")[0m
  [4;36;1mSQL (0.1ms)[0m   [0;1mPRAGMA index_list("masters")[0m


Processing MastersController#index (for 127.0.0.1 at 2009-09-09 15:53:13) [GET]
  [4;36;1mMaster Load (0.3ms)[0m   [0;1mSELECT * FROM "masters" [0m
Rendering template within layouts/masters
Rendering masters/index
Completed in 62ms (View: 33, DB: 0) | 200 OK [http://localhost/masters]


Processing MastersController#new (for 127.0.0.1 at 2009-09-09 15:53:15) [GET]
Rendering template within layouts/masters
Rendering masters/new
Completed in 13ms (View: 8, DB: 0) | 200 OK [http://localhost/masters/new]


Processing MastersController#create (for 127.0.0.1 at 2009-09-09 15:53:23) [POST]
  Parameters: {"commit"=>"Create", "authenticity_token"=>"q6+WW5XJ0JF+KG72ahSYCNJeBY2Pgc2t8QBNcX9BqZw=", "master"=>{"descrizione"=>"Master numero 1"}}
  [4;35;1mMaster Create (0.5ms)[0m   [0mINSERT INTO "masters" ("created_at", "updated_at", "descrizione") VALUES('2009-09-09 13:53:23', '2009-09-09 13:53:23', 'Master numero 1')[0m
Redirected to http://localhost:3001/masters/1
Completed in 19ms (DB: 1) | 302 Found [http://localhost/masters]


Processing MastersController#show (for 127.0.0.1 at 2009-09-09 15:53:23) [GET]
  Parameters: {"id"=>"1"}
  [4;36;1mMaster Load (0.2ms)[0m   [0;1mSELECT * FROM "masters" WHERE ("masters"."id" = 1) [0m
Rendering template within layouts/masters
Rendering masters/show
Completed in 50ms (View: 43, DB: 0) | 200 OK [http://localhost/masters/1]


Processing MastersController#index (for 127.0.0.1 at 2009-09-09 15:53:24) [GET]
  [4;35;1mMaster Load (0.5ms)[0m   [0mSELECT * FROM "masters" [0m
Rendering template within layouts/masters
Rendering masters/index
Completed in 12ms (View: 6, DB: 1) | 200 OK [http://localhost/masters]


Processing MastersController#new (for 127.0.0.1 at 2009-09-09 15:53:25) [GET]
Rendering template within layouts/masters
Rendering masters/new
Completed in 10ms (View: 4, DB: 0) | 200 OK [http://localhost/masters/new]


Processing MastersController#create (for 127.0.0.1 at 2009-09-09 15:53:32) [POST]
  Parameters: {"commit"=>"Create", "authenticity_token"=>"q6+WW5XJ0JF+KG72ahSYCNJeBY2Pgc2t8QBNcX9BqZw=", "master"=>{"descrizione"=>"Master numero 2"}}
  [4;36;1mMaster Create (0.2ms)[0m   [0;1mINSERT INTO "masters" ("created_at", "updated_at", "descrizione") VALUES('2009-09-09 13:53:32', '2009-09-09 13:53:32', 'Master numero 2')[0m
Redirected to http://localhost:3001/masters/2
Completed in 15ms (DB: 0) | 302 Found [http://localhost/masters]


Processing MastersController#show (for 127.0.0.1 at 2009-09-09 15:53:32) [GET]
  Parameters: {"id"=>"2"}
  [4;35;1mMaster Load (0.2ms)[0m   [0mSELECT * FROM "masters" WHERE ("masters"."id" = 2) [0m
Rendering template within layouts/masters
Rendering masters/show
Completed in 9ms (View: 3, DB: 0) | 200 OK [http://localhost/masters/2]


Processing MastersController#index (for 127.0.0.1 at 2009-09-09 15:53:33) [GET]
  [4;36;1mMaster Load (0.6ms)[0m   [0;1mSELECT * FROM "masters" [0m
Rendering template within layouts/masters
Rendering masters/index
Completed in 15ms (View: 9, DB: 1) | 200 OK [http://localhost/masters]


Processing DetailsController#index (for 127.0.0.1 at 2009-09-09 15:53:41) [GET]
  [4;35;1mDetail Load (0.5ms)[0m   [0mSELECT * FROM "details" [0m
Rendering template within layouts/details
Rendering details/index
Completed in 54ms (View: 48, DB: 0) | 200 OK [http://localhost/details]


Processing DetailsController#new (for 127.0.0.1 at 2009-09-09 15:53:46) [GET]
Rendering template within layouts/details
Rendering details/new
Completed in 12ms (View: 7, DB: 0) | 200 OK [http://localhost/details/new]


Processing DetailsController#create (for 127.0.0.1 at 2009-09-09 15:53:57) [POST]
  Parameters: {"commit"=>"Create", "authenticity_token"=>"q6+WW5XJ0JF+KG72ahSYCNJeBY2Pgc2t8QBNcX9BqZw=", "detail"=>{"master_id"=>"1", "descrizione"=>"Dettaglio 1 di master 1"}}
  [4;36;1mDetail Create (0.2ms)[0m   [0;1mINSERT INTO "details" ("created_at", "updated_at", "descrizione", "master_id") VALUES('2009-09-09 13:53:57', '2009-09-09 13:53:57', 'Dettaglio 1 di master 1', 1)[0m
Redirected to http://localhost:3001/details/1
Completed in 16ms (DB: 0) | 302 Found [http://localhost/details]


Processing DetailsController#show (for 127.0.0.1 at 2009-09-09 15:53:57) [GET]
  Parameters: {"id"=>"1"}
  [4;35;1mDetail Load (0.3ms)[0m   [0mSELECT * FROM "details" WHERE ("details"."id" = 1) [0m
Rendering template within layouts/details
Rendering details/show
Completed in 12ms (View: 6, DB: 0) | 200 OK [http://localhost/details/1]


Processing DetailsController#index (for 127.0.0.1 at 2009-09-09 15:53:59) [GET]
  [4;36;1mDetail Load (0.6ms)[0m   [0;1mSELECT * FROM "details" [0m
Rendering template within layouts/details
Rendering details/index
Completed in 12ms (View: 6, DB: 1) | 200 OK [http://localhost/details]


Processing DetailsController#new (for 127.0.0.1 at 2009-09-09 15:54:02) [GET]
Rendering template within layouts/details
Rendering details/new
Completed in 8ms (View: 4, DB: 0) | 200 OK [http://localhost/details/new]


Processing DetailsController#create (for 127.0.0.1 at 2009-09-09 15:54:11) [POST]
  Parameters: {"commit"=>"Create", "authenticity_token"=>"q6+WW5XJ0JF+KG72ahSYCNJeBY2Pgc2t8QBNcX9BqZw=", "detail"=>{"master_id"=>"1", "descrizione"=>"Dettaglio 2 di master 1"}}
  [4;35;1mDetail Create (0.2ms)[0m   [0mINSERT INTO "details" ("created_at", "updated_at", "descrizione", "master_id") VALUES('2009-09-09 13:54:11', '2009-09-09 13:54:11', 'Dettaglio 2 di master 1', 1)[0m
Redirected to http://localhost:3001/details/2
Completed in 58ms (DB: 0) | 302 Found [http://localhost/details]


Processing DetailsController#show (for 127.0.0.1 at 2009-09-09 15:54:11) [GET]
  Parameters: {"id"=>"2"}
  [4;36;1mDetail Load (0.2ms)[0m   [0;1mSELECT * FROM "details" WHERE ("details"."id" = 2) [0m
Rendering template within layouts/details
Rendering details/show
Completed in 8ms (View: 2, DB: 0) | 200 OK [http://localhost/details/2]


Processing DetailsController#index (for 127.0.0.1 at 2009-09-09 15:54:12) [GET]
  [4;35;1mDetail Load (0.7ms)[0m   [0mSELECT * FROM "details" [0m
Rendering template within layouts/details
Rendering details/index
Completed in 16ms (View: 10, DB: 1) | 200 OK [http://localhost/details]


Processing DetailsController#new (for 127.0.0.1 at 2009-09-09 15:54:14) [GET]
Rendering template within layouts/details
Rendering details/new
Completed in 12ms (View: 6, DB: 0) | 200 OK [http://localhost/details/new]


Processing DetailsController#create (for 127.0.0.1 at 2009-09-09 15:54:22) [POST]
  Parameters: {"commit"=>"Create", "authenticity_token"=>"q6+WW5XJ0JF+KG72ahSYCNJeBY2Pgc2t8QBNcX9BqZw=", "detail"=>{"master_id"=>"1", "descrizione"=>"Dettaglio 3 di master 1"}}
  [4;36;1mDetail Create (0.2ms)[0m   [0;1mINSERT INTO "details" ("created_at", "updated_at", "descrizione", "master_id") VALUES('2009-09-09 13:54:22', '2009-09-09 13:54:22', 'Dettaglio 3 di master 1', 1)[0m
Redirected to http://localhost:3001/details/3
Completed in 13ms (DB: 0) | 302 Found [http://localhost/details]


Processing DetailsController#show (for 127.0.0.1 at 2009-09-09 15:54:22) [GET]
  Parameters: {"id"=>"3"}
  [4;35;1mDetail Load (0.2ms)[0m   [0mSELECT * FROM "details" WHERE ("details"."id" = 3) [0m
Rendering template within layouts/details
Rendering details/show
Completed in 10ms (View: 2, DB: 0) | 200 OK [http://localhost/details/3]


Processing DetailsController#index (for 127.0.0.1 at 2009-09-09 15:54:23) [GET]
  [4;36;1mDetail Load (0.7ms)[0m   [0;1mSELECT * FROM "details" [0m
Rendering template within layouts/details
Rendering details/index
Completed in 61ms (View: 56, DB: 1) | 200 OK [http://localhost/details]


Processing DetailsController#new (for 127.0.0.1 at 2009-09-09 15:54:24) [GET]
Rendering template within layouts/details
Rendering details/new
Completed in 11ms (View: 5, DB: 0) | 200 OK [http://localhost/details/new]


Processing DetailsController#create (for 127.0.0.1 at 2009-09-09 15:54:34) [POST]
  Parameters: {"commit"=>"Create", "authenticity_token"=>"q6+WW5XJ0JF+KG72ahSYCNJeBY2Pgc2t8QBNcX9BqZw=", "detail"=>{"master_id"=>"2", "descrizione"=>"Dettaglio 1 di master 2"}}
  [4;35;1mDetail Create (0.3ms)[0m   [0mINSERT INTO "details" ("created_at", "updated_at", "descrizione", "master_id") VALUES('2009-09-09 13:54:34', '2009-09-09 13:54:34', 'Dettaglio 1 di master 2', 2)[0m
Redirected to http://localhost:3001/details/4
Completed in 18ms (DB: 0) | 302 Found [http://localhost/details]


Processing DetailsController#show (for 127.0.0.1 at 2009-09-09 15:54:34) [GET]
  Parameters: {"id"=>"4"}
  [4;36;1mDetail Load (0.2ms)[0m   [0;1mSELECT * FROM "details" WHERE ("details"."id" = 4) [0m
Rendering template within layouts/details
Rendering details/show
Completed in 8ms (View: 2, DB: 0) | 200 OK [http://localhost/details/4]


Processing DetailsController#index (for 127.0.0.1 at 2009-09-09 15:54:35) [GET]
  [4;35;1mDetail Load (0.7ms)[0m   [0mSELECT * FROM "details" [0m
Rendering template within layouts/details
Rendering details/index
Completed in 20ms (View: 14, DB: 1) | 200 OK [http://localhost/details]


Processing DetailsController#new (for 127.0.0.1 at 2009-09-09 15:54:36) [GET]
Rendering template within layouts/details
Rendering details/new
Completed in 8ms (View: 4, DB: 0) | 200 OK [http://localhost/details/new]


Processing DetailsController#create (for 127.0.0.1 at 2009-09-09 15:54:43) [POST]
  Parameters: {"commit"=>"Create", "authenticity_token"=>"q6+WW5XJ0JF+KG72ahSYCNJeBY2Pgc2t8QBNcX9BqZw=", "detail"=>{"master_id"=>"2", "descrizione"=>"Dettaglio 2 di master 2"}}
  [4;36;1mDetail Create (0.2ms)[0m   [0;1mINSERT INTO "details" ("created_at", "updated_at", "descrizione", "master_id") VALUES('2009-09-09 13:54:43', '2009-09-09 13:54:43', 'Dettaglio 2 di master 2', 2)[0m
Redirected to http://localhost:3001/details/5
Completed in 15ms (DB: 0) | 302 Found [http://localhost/details]


Processing DetailsController#show (for 127.0.0.1 at 2009-09-09 15:54:43) [GET]
  Parameters: {"id"=>"5"}
  [4;35;1mDetail Load (0.2ms)[0m   [0mSELECT * FROM "details" WHERE ("details"."id" = 5) [0m
Rendering template within layouts/details
Rendering details/show
Completed in 10ms (View: 2, DB: 0) | 200 OK [http://localhost/details/5]


Processing DetailsController#index (for 127.0.0.1 at 2009-09-09 15:54:45) [GET]
  [4;36;1mDetail Load (0.6ms)[0m   [0;1mSELECT * FROM "details" [0m
Rendering template within layouts/details
Rendering details/index
Completed in 21ms (View: 16, DB: 1) | 200 OK [http://localhost/details]


Processing ApplicationController#index (for 127.0.0.1 at 2009-09-09 15:55:29) [GET]

ActionController::RoutingError (No route matches "/" with {:method=>:get}):
  

Rendering rescues/layout (not_found)


Processing MastersController#index (for 127.0.0.1 at 2009-09-09 15:56:11) [GET]
  [4;36;1mMaster Load (0.5ms)[0m   [0;1mSELECT * FROM "masters" [0m
Rendering template within layouts/masters
Rendering masters/index
Completed in 37ms (View: 27, DB: 1) | 200 OK [http://localhost/]


Processing MastersController#index (for 127.0.0.1 at 2009-09-11 17:05:06) [GET]
  [4;36;1mMaster Load (0.6ms)[0m   [0;1mSELECT * FROM "masters" [0m
Rendering template within layouts/masters
Rendering masters/index
Completed in 117ms (View: 94, DB: 1) | 200 OK [http://localhost/]


Processing DetailsController#index (for 127.0.0.1 at 2009-09-11 17:05:11) [GET]
  [4;35;1mDetail Load (0.9ms)[0m   [0mSELECT * FROM "details" [0m
Rendering template within layouts/details
Rendering details/index
Completed in 31ms (View: 24, DB: 1) | 200 OK [http://localhost/details]


Processing DetailsController#edit (for 127.0.0.1 at 2009-09-11 17:05:15) [GET]
  Parameters: {"id"=>"1"}
  [4;36;1mDetail Load (0.2ms)[0m   [0;1mSELECT * FROM "details" WHERE ("details"."id" = 1) [0m
Rendering template within layouts/details
Rendering details/edit
Rendered details/_form (4.2ms)
Completed in 16ms (View: 11, DB: 0) | 200 OK [http://localhost/details/1/edit]


Processing DetailsController#index (for 127.0.0.1 at 2009-09-11 17:05:17) [GET]
  [4;35;1mDetail Load (0.6ms)[0m   [0mSELECT * FROM "details" [0m
Rendering template within layouts/details
Rendering details/index
Completed in 22ms (View: 17, DB: 1) | 200 OK [http://localhost/details]


Processing DetailsController#show (for 127.0.0.1 at 2009-09-11 17:05:20) [GET]
  Parameters: {"id"=>"1"}
  [4;36;1mDetail Load (0.2ms)[0m   [0;1mSELECT * FROM "details" WHERE ("details"."id" = 1) [0m
Rendering template within layouts/details
Rendering details/show
Completed in 12ms (View: 5, DB: 0) | 200 OK [http://localhost/details/1]


Processing DetailsController#index (for 127.0.0.1 at 2009-09-11 17:05:22) [GET]
  [4;35;1mDetail Load (0.7ms)[0m   [0mSELECT * FROM "details" [0m
Rendering template within layouts/details
Rendering details/index
Completed in 22ms (View: 16, DB: 1) | 200 OK [http://localhost/details]


Processing DetailsController#edit (for 127.0.0.1 at 2009-09-11 17:05:24) [GET]
  Parameters: {"id"=>"1"}
  [4;36;1mDetail Load (0.2ms)[0m   [0;1mSELECT * FROM "details" WHERE ("details"."id" = 1) [0m
Rendering template within layouts/details
Rendering details/edit
Rendered details/_form (3.8ms)
Completed in 10ms (View: 5, DB: 0) | 200 OK [http://localhost/details/1/edit]


Processing DetailsController#index (for 127.0.0.1 at 2009-09-11 17:05:25) [GET]
  [4;35;1mDetail Load (0.7ms)[0m   [0mSELECT * FROM "details" [0m
Rendering template within layouts/details
Rendering details/index
Completed in 23ms (View: 16, DB: 1) | 200 OK [http://localhost/details]


Processing DetailsController#new (for 127.0.0.1 at 2009-09-11 17:05:27) [GET]
Rendering template within layouts/details
Rendering details/new
Rendered details/_form (3.9ms)
Completed in 16ms (View: 9, DB: 0) | 200 OK [http://localhost/details/new]


Processing DetailsController#index (for 127.0.0.1 at 2009-09-11 17:05:29) [GET]
  [4;36;1mDetail Load (0.6ms)[0m   [0;1mSELECT * FROM "details" [0m
Rendering template within layouts/details
Rendering details/index
Completed in 23ms (View: 18, DB: 1) | 200 OK [http://localhost/details]


Processing DetailsController#edit (for 127.0.0.1 at 2009-09-11 17:06:18) [GET]
  Parameters: {"id"=>"1"}
  [4;35;1mDetail Load (0.2ms)[0m   [0mSELECT * FROM "details" WHERE ("details"."id" = 1) [0m
Rendering template within layouts/details
Rendering details/edit
Rendered details/_form (3.7ms)
Completed in 13ms (View: 8, DB: 0) | 200 OK [http://localhost/details/1/edit]


Processing DetailsController#index (for 127.0.0.1 at 2009-09-11 17:06:20) [GET]
  [4;36;1mDetail Load (0.9ms)[0m   [0;1mSELECT * FROM "details" [0m
Rendering template within layouts/details
Rendering details/index
Completed in 25ms (View: 18, DB: 1) | 200 OK [http://localhost/details]


Processing DetailsController#new (for 127.0.0.1 at 2009-09-11 17:06:23) [GET]
Rendering template within layouts/details
Rendering details/new
Rendered details/_form (3.9ms)
Completed in 13ms (View: 9, DB: 0) | 200 OK [http://localhost/details/new]


Processing DetailsController#index (for 127.0.0.1 at 2009-09-11 17:06:25) [GET]
  [4;35;1mDetail Load (0.6ms)[0m   [0mSELECT * FROM "details" [0m
Rendering template within layouts/details
Rendering details/index
Completed in 23ms (View: 18, DB: 1) | 200 OK [http://localhost/details]


Processing MastersController#index (for 127.0.0.1 at 2009-09-11 17:09:31) [GET]
  [4;36;1mMaster Load (0.7ms)[0m   [0;1mSELECT * FROM "masters" [0m
Rendering template within layouts/masters
Rendering masters/index
Completed in 16ms (View: 9, DB: 1) | 200 OK [http://localhost/]


Processing MastersController#show (for 127.0.0.1 at 2009-09-11 17:09:33) [GET]
  Parameters: {"id"=>"1"}
  [4;35;1mMaster Load (0.2ms)[0m   [0mSELECT * FROM "masters" WHERE ("masters"."id" = 1) [0m
Rendering template within layouts/masters
Rendering masters/show

ActionView::TemplateError (undefined local variable or method `detail' for #<ActionView::Base:0x7f155bd6cfa0>) on line #2 of app/views/details/_index_for_master.html.erb:
1:   <tr>
2:     <td><%=h detail.descrizione %></td>
3:     <td><%=h detail.master_id %></td>
4:     <td><%= link_to 'Show', detail %></td>
5:     <td><%= link_to 'Edit', edit_detail_path(detail) %></td>

    app/views/details/_index_for_master.html.erb:2
    app/views/masters/show.html.erb:11
    app/controllers/masters_controller.rb:18:in `show'

Rendered rescues/_trace (79.2ms)
Rendered rescues/_request_and_response (1.1ms)
Rendering rescues/layout (internal_server_error)


Processing MastersController#show (for 127.0.0.1 at 2009-09-11 17:10:08) [GET]
  Parameters: {"id"=>"1"}
  [4;36;1mMaster Load (0.2ms)[0m   [0;1mSELECT * FROM "masters" WHERE ("masters"."id" = 1) [0m
Rendering template within layouts/masters
Rendering masters/show
  [4;35;1mSQL (0.2ms)[0m   [0m SELECT name
 FROM sqlite_master
 WHERE type = 'table' AND NOT name = 'sqlite_sequence'
[0m

ActionView::TemplateError (undefined method `descrizione' for #<Class:0x7f155be235e8>) on line #2 of app/views/details/_index_for_master.html.erb:
1:   <tr>
2:     <td><%=h index_for_master.descrizione %></td>
3:     <td><%=h index_for_master.master_id %></td>
4:     <td><%= link_to 'Show', index_for_master %></td>
5:     <td><%= link_to 'Edit', edit_detail_path(index_for_master) %></td>

    app/views/details/_index_for_master.html.erb:2
    app/views/masters/show.html.erb:11
    app/controllers/masters_controller.rb:18:in `show'

Rendered rescues/_trace (37.8ms)
Rendered rescues/_request_and_response (0.3ms)
Rendering rescues/layout (internal_server_error)


Processing MastersController#show (for 127.0.0.1 at 2009-09-11 17:21:21) [GET]
  Parameters: {"id"=>"1"}
  [4;36;1mMaster Load (0.2ms)[0m   [0;1mSELECT * FROM "masters" WHERE ("masters"."id" = 1) [0m
Rendering template within layouts/masters
Rendering masters/show

ActionView::TemplateError (You have a nil object when you didn't expect it!
The error occurred while evaluating nil.descrizione) on line #2 of app/views/details/_index_for_master.html.erb:
1:   <tr>
2:     <td><%=h index_for_master.descrizione %></td>
3:     <td><%=h index_for_master.master_id %></td>
4:     <td><%= link_to 'Show', index_for_master %></td>
5:     <td><%= link_to 'Edit', edit_detail_path(index_for_master) %></td>

    app/views/details/_index_for_master.html.erb:2
    app/views/masters/show.html.erb:11
    app/controllers/masters_controller.rb:18:in `show'

Rendered rescues/_trace (38.4ms)
Rendered rescues/_request_and_response (0.3ms)
Rendering rescues/layout (internal_server_error)


Processing MastersController#index (for 127.0.0.1 at 2009-09-11 17:23:15) [GET]
  [4;36;1mMaster Load (0.6ms)[0m   [0;1mSELECT * FROM "masters" [0m
Rendering template within layouts/masters
Rendering masters/index
Completed in 41ms (View: 29, DB: 1) | 200 OK [http://localhost/]


Processing MastersController#index (for 127.0.0.1 at 2009-09-11 17:24:35) [GET]
  [4;35;1mMaster Load (0.5ms)[0m   [0mSELECT * FROM "masters" [0m
Rendering template within layouts/masters
Rendering masters/index
Completed in 19ms (View: 12, DB: 1) | 200 OK [http://localhost/]


Processing MastersController#show (for 127.0.0.1 at 2009-09-11 17:24:38) [GET]
  Parameters: {"id"=>"1"}
  [4;36;1mMaster Load (0.2ms)[0m   [0;1mSELECT * FROM "masters" WHERE ("masters"."id" = 1) [0m
Rendering template within layouts/masters
Rendering masters/show

ActionView::TemplateError (You have a nil object when you didn't expect it!
The error occurred while evaluating nil.descrizione) on line #2 of app/views/details/_index_for_master.html.erb:
1:   <tr>
2:     <td><%=h index_for_master.descrizione %></td>
3:     <td><%=h index_for_master.master_id %></td>
4:     <td><%= link_to 'Show', index_for_master %></td>
5:     <td><%= link_to 'Edit', edit_detail_path(index_for_master) %></td>

    app/views/details/_index_for_master.html.erb:2
    app/views/masters/show.html.erb:11
    app/controllers/masters_controller.rb:18:in `show'
    /usr/lib/ruby/gems/1.8/gems/ruby-debug-ide-0.4.7/lib/ruby-debug.rb:109:in `debug_load'
    /usr/lib/ruby/gems/1.8/gems/ruby-debug-ide-0.4.7/lib/ruby-debug.rb:109:in `debug_program'
    /usr/lib/ruby/gems/1.8/gems/ruby-debug-ide-0.4.7/bin/rdebug-ide:87
    /usr/bin/rdebug-ide:19:in `load'
    /usr/bin/rdebug-ide:19

Rendered rescues/_trace (56.2ms)
Rendered rescues/_request_and_response (1.6ms)
Rendering rescues/layout (internal_server_error)


Processing MastersController#show (for 127.0.0.1 at 2009-09-11 17:28:24) [GET]
  Parameters: {"id"=>"1"}
  [4;36;1mMaster Load (0.3ms)[0m   [0;1mSELECT * FROM "masters" WHERE ("masters"."id" = 1) [0m
Rendering template within layouts/masters
Rendering masters/show

ActionView::TemplateError (You have a nil object when you didn't expect it!
The error occurred while evaluating nil.descrizione) on line #3 of app/views/details/_index_for_master.html.erb:
1:   <tr>
2:     <%= debug(index_for_master) %>
3:     <td><%=h index_for_master.descrizione %></td>
4:     <td><%=h index_for_master.master_id %></td>
5:     <td><%= link_to 'Show', index_for_master %></td>
6:     <td><%= link_to 'Edit', edit_detail_path(index_for_master) %></td>

    app/views/details/_index_for_master.html.erb:3
    app/views/masters/show.html.erb:11
    app/controllers/masters_controller.rb:18:in `show'

Rendered rescues/_trace (97.0ms)
Rendered rescues/_request_and_response (1.2ms)
Rendering rescues/layout (internal_server_error)
  [4;36;1mMaster Load (0.4ms)[0m   [0;1mSELECT * FROM "masters" LIMIT 1[0m
  [4;35;1mDetail Load (0.4ms)[0m   [0mSELECT * FROM "details" WHERE ("details".master_id = 1) [0m


Processing MastersController#show (for 127.0.0.1 at 2009-09-11 17:32:10) [GET]
  Parameters: {"id"=>"1"}
  [4;35;1mMaster Load (0.2ms)[0m   [0mSELECT * FROM "masters" WHERE ("masters"."id" = 1) [0m
Rendering template within layouts/masters
Rendering masters/show

ActionView::TemplateError (undefined local variable or method `detail' for #<ActionView::Base:0x7feb7209eb00>) on line #3 of app/views/details/_index_for_master.html.erb:
1:   <tr>
2:     <%= debug(index_for_master) %>
3:     <td><%=h detail.descrizione %></td>
4:     <td><%=h index_for_master.master_id %></td>
5:     <td><%= link_to 'Show', index_for_master %></td>
6:     <td><%= link_to 'Edit', edit_detail_path(index_for_master) %></td>

    app/views/details/_index_for_master.html.erb:3
    app/views/masters/show.html.erb:11
    app/controllers/masters_controller.rb:18:in `show'

Rendered rescues/_trace (102.0ms)
Rendered rescues/_request_and_response (0.3ms)
Rendering rescues/layout (internal_server_error)


Processing MastersController#show (for 127.0.0.1 at 2009-09-11 17:37:03) [GET]
  Parameters: {"id"=>"1"}
  [4;36;1mMaster Load (0.2ms)[0m   [0;1mSELECT * FROM "masters" WHERE ("masters"."id" = 1) [0m
Rendering template within layouts/masters
Rendering masters/show

ActionView::TemplateError (You have a nil object when you didn't expect it!
The error occurred while evaluating nil.descrizione) on line #3 of app/views/details/_index_for_master.html.erb:
1:   <tr>
2:     <%= debug(index_for_master) %>
3:     <td><%=h index_for_master.descrizione %></td>
4:     <td><%=h index_for_master.master_id %></td>
5:     <td><%= link_to 'Show', index_for_master %></td>
6:     <td><%= link_to 'Edit', edit_detail_path(index_for_master) %></td>

    app/views/details/_index_for_master.html.erb:3
    app/views/masters/show.html.erb:11
    app/controllers/masters_controller.rb:18:in `show'

Rendered rescues/_trace (53.0ms)
Rendered rescues/_request_and_response (0.3ms)
Rendering rescues/layout (internal_server_error)


Processing MastersController#show (for 127.0.0.1 at 2009-09-11 17:39:06) [GET]
  Parameters: {"id"=>"1"}
  [4;35;1mMaster Load (0.2ms)[0m   [0mSELECT * FROM "masters" WHERE ("masters"."id" = 1) [0m
Rendering template within layouts/masters
Rendering masters/show

ActionView::TemplateError (undefined method `detxails' for #<Master:0x7feb71e0c9c8>) on line #11 of app/views/masters/show.html.erb:
8:     <th>Descrizione</th>
9:     <th>Master</th>
10:   </tr>
11:   <%= render '/details/index_for_master', :collection => @master.detxails %>
12: </table>
13: 
14: 

    app/views/masters/show.html.erb:11
    app/controllers/masters_controller.rb:18:in `show'

Rendered rescues/_trace (43.1ms)
Rendered rescues/_request_and_response (0.3ms)
Rendering rescues/layout (internal_server_error)


Processing MastersController#show (for 127.0.0.1 at 2009-09-11 17:40:24) [GET]
  Parameters: {"id"=>"1"}
  [4;36;1mMaster Load (0.3ms)[0m   [0;1mSELECT * FROM "masters" WHERE ("masters"."id" = 1) [0m
Rendering template within layouts/masters
Rendering masters/show
  [4;35;1mDetail Load (0.6ms)[0m   [0mSELECT * FROM "details" WHERE ("details".master_id = 1) [0m
Rendered details/_index_for_master (6.2ms)
Rendered details/_index_for_master (4.8ms)
Rendered details/_index_for_master (4.8ms)
Completed in 36ms (View: 29, DB: 1) | 200 OK [http://localhost/masters/1]


Processing MastersController#show (for 127.0.0.1 at 2009-09-11 17:46:08) [GET]
  Parameters: {"id"=>"1"}
  [4;36;1mMaster Load (0.2ms)[0m   [0;1mSELECT * FROM "masters" WHERE ("masters"."id" = 1) [0m
Rendering template within layouts/masters
Rendering masters/show
  [4;35;1mDetail Load (0.4ms)[0m   [0mSELECT * FROM "details" WHERE ("details".master_id = 1) [0m

ActionView::TemplateError (undefined local variable or method `partial_name' for #<ActionView::Base:0x7feb7223c2f0>) on line #1 of app/views/details/_index_for_master.html.erb:
1: <pre><%= h partial_name.inspect %></pre>
2: <tr>
3:     <%= debug(index_for_master) %>
4:     <td><%=h index_for_master.descrizione %></td>

    app/views/details/_index_for_master.html.erb:1
    app/views/masters/show.html.erb:11
    app/controllers/masters_controller.rb:18:in `show'

Rendered rescues/_trace (55.7ms)
Rendered rescues/_request_and_response (0.3ms)
Rendering rescues/layout (internal_server_error)


Processing MastersController#show (for 127.0.0.1 at 2009-09-11 17:46:31) [GET]
  Parameters: {"id"=>"1"}
  [4;36;1mMaster Load (0.2ms)[0m   [0;1mSELECT * FROM "masters" WHERE ("masters"."id" = 1) [0m
Rendering template within layouts/masters
Rendering masters/show
  [4;35;1mDetail Load (0.5ms)[0m   [0mSELECT * FROM "details" WHERE ("details".master_id = 1) [0m
Rendered details/_index_for_master (6.7ms)
Rendered details/_index_for_master (5.1ms)
Rendered details/_index_for_master (5.0ms)
Completed in 88ms (View: 81, DB: 1) | 200 OK [http://localhost/masters/1]


Processing MastersController#show (for 127.0.0.1 at 2009-09-11 17:46:53) [GET]
  Parameters: {"id"=>"1"}
  [4;36;1mMaster Load (0.3ms)[0m   [0;1mSELECT * FROM "masters" WHERE ("masters"."id" = 1) [0m
Rendering template within layouts/masters
Rendering masters/show
  [4;35;1mDetail Load (0.7ms)[0m   [0mSELECT * FROM "details" WHERE ("details".master_id = 1) [0m
Rendered details/_index_for_master (5.6ms)
Rendered details/_index_for_master (4.1ms)
Rendered details/_index_for_master (4.1ms)
Completed in 33ms (View: 26, DB: 1) | 200 OK [http://localhost/masters/1]


Processing MastersController#show (for 127.0.0.1 at 2009-09-11 17:49:41) [GET]
  Parameters: {"id"=>"1"}
  [4;36;1mMaster Load (0.3ms)[0m   [0;1mSELECT * FROM "masters" WHERE ("masters"."id" = 1) [0m
Rendering template within layouts/masters
Rendering masters/show
  [4;35;1mDetail Load (0.4ms)[0m   [0mSELECT * FROM "details" WHERE ("details".master_id = 1) [0m
Rendered details/_index_for_master (5.1ms)
Rendered details/_index_for_master (3.9ms)
Rendered details/_index_for_master (3.8ms)
Completed in 31ms (View: 23, DB: 1) | 200 OK [http://localhost/masters/1]


Processing MastersController#edit (for 127.0.0.1 at 2009-09-11 17:49:48) [GET]
  Parameters: {"id"=>"1"}
  [4;36;1mMaster Load (0.2ms)[0m   [0;1mSELECT * FROM "masters" WHERE ("masters"."id" = 1) [0m
Rendering template within layouts/masters
Rendering masters/edit
Completed in 64ms (View: 9, DB: 0) | 200 OK [http://localhost/masters/1/edit]


Processing MastersController#index (for 127.0.0.1 at 2009-09-11 17:49:50) [GET]
  [4;35;1mMaster Load (0.7ms)[0m   [0mSELECT * FROM "masters" [0m
Rendering template within layouts/masters
Rendering masters/index
Completed in 22ms (View: 15, DB: 1) | 200 OK [http://localhost/masters]


Processing MastersController#show (for 127.0.0.1 at 2009-09-11 17:49:59) [GET]
  Parameters: {"id"=>"1"}
  [4;36;1mMaster Load (0.2ms)[0m   [0;1mSELECT * FROM "masters" WHERE ("masters"."id" = 1) [0m
Rendering template within layouts/masters
Rendering masters/show
  [4;35;1mDetail Load (0.7ms)[0m   [0mSELECT * FROM "details" WHERE ("details".master_id = 1) [0m
Rendered details/_index_for_master (5.4ms)
Rendered details/_index_for_master (4.0ms)
Rendered details/_index_for_master (3.9ms)
Completed in 29ms (View: 22, DB: 1) | 200 OK [http://localhost/masters/1]


Processing MastersController#show (for 127.0.0.1 at 2009-09-11 17:50:27) [GET]
  Parameters: {"id"=>"1"}
  [4;36;1mMaster Load (0.2ms)[0m   [0;1mSELECT * FROM "masters" WHERE ("masters"."id" = 1) [0m
Rendering template within layouts/masters
Rendering masters/show
  [4;35;1mDetail Load (0.4ms)[0m   [0mSELECT * FROM "details" WHERE ("details".master_id = 1) [0m
Rendered details/_index_for_master (4.4ms)
Rendered details/_index_for_master (3.9ms)
Rendered details/_index_for_master (3.9ms)
Completed in 30ms (View: 22, DB: 1) | 200 OK [http://localhost/masters/1]


Processing MastersController#show (for 127.0.0.1 at 2009-09-11 17:50:33) [GET]
  Parameters: {"id"=>"1"}
  [4;36;1mMaster Load (0.4ms)[0m   [0;1mSELECT * FROM "masters" WHERE ("masters"."id" = 1) [0m
Rendering template within layouts/masters
Rendering masters/show
  [4;35;1mDetail Load (0.5ms)[0m   [0mSELECT * FROM "details" WHERE ("details".master_id = 1) [0m
Rendered details/_index_for_master (4.6ms)
Rendered details/_index_for_master (3.9ms)
Rendered details/_index_for_master (3.9ms)
Completed in 76ms (View: 69, DB: 1) | 200 OK [http://localhost/masters/1]


Processing MastersController#show (for 127.0.0.1 at 2009-09-11 17:53:59) [GET]
  Parameters: {"id"=>"1"}
  [4;36;1mMaster Load (0.3ms)[0m   [0;1mSELECT * FROM "masters" WHERE ("masters"."id" = 1) [0m
Rendering template within layouts/masters
Rendering masters/show
ERROR: compiling _run_erb_app47views47masters47show46html46erb RAISED compile error
/home/marco/NetBeansProjects/mdtest/app/views/masters/show.html.erb:20: syntax error, unexpected ')', expecting tASSOC
...ils/new_for_master', @detail ).to_s); @output_buffer.concat ...
                              ^
Function body:           def _run_erb_app47views47masters47show46html46erb(local_assigns)
            old_output_buffer = output_buffer;;@output_buffer = '';  __in_erb_template=true ; @output_buffer.concat "<p>\n  <b>Descrizione:</b>\n  "

; @output_buffer.concat((h @master.descrizione ).to_s); @output_buffer.concat "\n</p>\n\n<br />\n"



; @output_buffer.concat(( link_to 'Edit', edit_master_path(@master) ).to_s); @output_buffer.concat " |\n"
; @output_buffer.concat(( link_to 'Back', masters_path ).to_s); @output_buffer.concat "\n<br />\n<br />\n\n<table>\n  <tr>\n    <th>Descrizione</th>\n    <th>Master</th>\n  </tr>\n  "








; @output_buffer.concat(( render :partial => '/details/index_for_master', :collection => @master.details ).to_s); @output_buffer.concat "\n</table>\n\n"


; @output_buffer.concat(( render :partial => '/details/new_for_master', @detail ).to_s); @output_buffer.concat "\n\n\n\n"



; @output_buffer
          ensure
            self.output_buffer = old_output_buffer
          end
Backtrace: /home/marco/NetBeansProjects/mdtest/app/views/masters/show.html.erb:27:in `compile!'
/usr/lib/ruby/gems/1.8/gems/actionpack-2.3.4/lib/action_view/renderable.rb:61:in `compile'
/usr/lib/ruby/gems/1.8/gems/actionpack-2.3.4/lib/action_view/renderable.rb:28:in `render'
/usr/lib/ruby/gems/1.8/gems/actionpack-2.3.4/lib/action_view/template.rb:199:in `render_template'
/usr/lib/ruby/gems/1.8/gems/actionpack-2.3.4/lib/action_view/base.rb:260:in `render'
/usr/lib/ruby/gems/1.8/gems/actionpack-2.3.4/lib/action_view/base.rb:343:in `_render_with_layout'
/usr/lib/ruby/gems/1.8/gems/actionpack-2.3.4/lib/action_view/base.rb:257:in `render'
/usr/lib/ruby/gems/1.8/gems/actionpack-2.3.4/lib/action_controller/base.rb:1250:in `render_for_file'
/usr/lib/ruby/gems/1.8/gems/actionpack-2.3.4/lib/action_controller/base.rb:951:in `render_without_benchmark'
/usr/lib/ruby/gems/1.8/gems/actionpack-2.3.4/lib/action_controller/benchmarking.rb:51:in `render'
/usr/lib/ruby/gems/1.8/gems/activesupport-2.3.4/lib/active_support/core_ext/benchmark.rb:17:in `ms'
/usr/lib/ruby/1.8/benchmark.rb:308:in `realtime'
/usr/lib/ruby/gems/1.8/gems/activesupport-2.3.4/lib/active_support/core_ext/benchmark.rb:17:in `ms'
/usr/lib/ruby/gems/1.8/gems/actionpack-2.3.4/lib/action_controller/benchmarking.rb:51:in `render'
/usr/lib/ruby/gems/1.8/gems/actionpack-2.3.4/lib/action_controller/mime_responds.rb:135:in `send'
/usr/lib/ruby/gems/1.8/gems/actionpack-2.3.4/lib/action_controller/mime_responds.rb:135:in `custom'
/usr/lib/ruby/gems/1.8/gems/actionpack-2.3.4/lib/action_controller/mime_responds.rb:179:in `call'
/usr/lib/ruby/gems/1.8/gems/actionpack-2.3.4/lib/action_controller/mime_responds.rb:179:in `respond'
/usr/lib/ruby/gems/1.8/gems/actionpack-2.3.4/lib/action_controller/mime_responds.rb:173:in `each'
/usr/lib/ruby/gems/1.8/gems/actionpack-2.3.4/lib/action_controller/mime_responds.rb:173:in `respond'
/usr/lib/ruby/gems/1.8/gems/actionpack-2.3.4/lib/action_controller/mime_responds.rb:107:in `respond_to'
/home/marco/NetBeansProjects/mdtest/app/controllers/masters_controller.rb:18:in `show'
/usr/lib/ruby/gems/1.8/gems/actionpack-2.3.4/lib/action_controller/base.rb:1331:in `send'
/usr/lib/ruby/gems/1.8/gems/actionpack-2.3.4/lib/action_controller/base.rb:1331:in `perform_action_without_filters'
/usr/lib/ruby/gems/1.8/gems/actionpack-2.3.4/lib/action_controller/filters.rb:617:in `call_filters'
/usr/lib/ruby/gems/1.8/gems/actionpack-2.3.4/lib/action_controller/filters.rb:610:in `perform_action_without_benchmark'
/usr/lib/ruby/gems/1.8/gems/actionpack-2.3.4/lib/action_controller/benchmarking.rb:68:in `perform_action_without_rescue'
/usr/lib/ruby/gems/1.8/gems/activesupport-2.3.4/lib/active_support/core_ext/benchmark.rb:17:in `ms'
/usr/lib/ruby/1.8/benchmark.rb:308:in `realtime'
/usr/lib/ruby/gems/1.8/gems/activesupport-2.3.4/lib/active_support/core_ext/benchmark.rb:17:in `ms'
/usr/lib/ruby/gems/1.8/gems/actionpack-2.3.4/lib/action_controller/benchmarking.rb:68:in `perform_action_without_rescue'
/usr/lib/ruby/gems/1.8/gems/actionpack-2.3.4/lib/action_controller/rescue.rb:160:in `perform_action_without_flash'
/usr/lib/ruby/gems/1.8/gems/actionpack-2.3.4/lib/action_controller/flash.rb:146:in `perform_action'
/usr/lib/ruby/gems/1.8/gems/actionpack-2.3.4/lib/action_controller/base.rb:532:in `send'
/usr/lib/ruby/gems/1.8/gems/actionpack-2.3.4/lib/action_controller/base.rb:532:in `process_without_filters'
/usr/lib/ruby/gems/1.8/gems/actionpack-2.3.4/lib/action_controller/filters.rb:606:in `process'
/usr/lib/ruby/gems/1.8/gems/actionpack-2.3.4/lib/action_controller/base.rb:391:in `process'
/usr/lib/ruby/gems/1.8/gems/actionpack-2.3.4/lib/action_controller/base.rb:386:in `call'
/usr/lib/ruby/gems/1.8/gems/actionpack-2.3.4/lib/action_controller/routing/route_set.rb:437:in `call'
/usr/lib/ruby/gems/1.8/gems/actionpack-2.3.4/lib/action_controller/dispatcher.rb:87:in `dispatch'
/usr/lib/ruby/gems/1.8/gems/actionpack-2.3.4/lib/action_controller/dispatcher.rb:121:in `_call'
/usr/lib/ruby/gems/1.8/gems/actionpack-2.3.4/lib/action_controller/dispatcher.rb:130:in `build_middleware_stack'
/usr/lib/ruby/gems/1.8/gems/activerecord-2.3.4/lib/active_record/query_cache.rb:29:in `call'
/usr/lib/ruby/gems/1.8/gems/activerecord-2.3.4/lib/active_record/query_cache.rb:29:in `call'
/usr/lib/ruby/gems/1.8/gems/activerecord-2.3.4/lib/active_record/connection_adapters/abstract/query_cache.rb:34:in `cache'
/usr/lib/ruby/gems/1.8/gems/activerecord-2.3.4/lib/active_record/query_cache.rb:9:in `cache'
/usr/lib/ruby/gems/1.8/gems/activerecord-2.3.4/lib/active_record/query_cache.rb:28:in `call'
/usr/lib/ruby/gems/1.8/gems/activerecord-2.3.4/lib/active_record/connection_adapters/abstract/connection_pool.rb:361:in `call'
/usr/lib/ruby/gems/1.8/gems/rack-1.0.0/lib/rack/head.rb:9:in `call'
/usr/lib/ruby/gems/1.8/gems/rack-1.0.0/lib/rack/methodoverride.rb:24:in `call'
/usr/lib/ruby/gems/1.8/gems/actionpack-2.3.4/lib/action_controller/params_parser.rb:15:in `call'
/usr/lib/ruby/gems/1.8/gems/actionpack-2.3.4/lib/action_controller/session/cookie_store.rb:93:in `call'
/usr/lib/ruby/gems/1.8/gems/actionpack-2.3.4/lib/action_controller/failsafe.rb:26:in `call'
/usr/lib/ruby/gems/1.8/gems/rack-1.0.0/lib/rack/lock.rb:11:in `call'
/usr/lib/ruby/gems/1.8/gems/rack-1.0.0/lib/rack/lock.rb:11:in `synchronize'
/usr/lib/ruby/gems/1.8/gems/rack-1.0.0/lib/rack/lock.rb:11:in `call'
/usr/lib/ruby/gems/1.8/gems/actionpack-2.3.4/lib/action_controller/dispatcher.rb:114:in `call'
/usr/lib/ruby/gems/1.8/gems/actionpack-2.3.4/lib/action_controller/reloader.rb:34:in `run'
/usr/lib/ruby/gems/1.8/gems/actionpack-2.3.4/lib/action_controller/dispatcher.rb:108:in `call'
/usr/lib/ruby/gems/1.8/gems/rails-2.3.4/lib/rails/rack/static.rb:31:in `call'
/usr/lib/ruby/gems/1.8/gems/rack-1.0.0/lib/rack/urlmap.rb:46:in `call'
/usr/lib/ruby/gems/1.8/gems/rack-1.0.0/lib/rack/urlmap.rb:40:in `each'
/usr/lib/ruby/gems/1.8/gems/rack-1.0.0/lib/rack/urlmap.rb:40:in `call'
/usr/lib/ruby/gems/1.8/gems/rails-2.3.4/lib/rails/rack/debugger.rb:17:in `call'
/usr/lib/ruby/gems/1.8/gems/rails-2.3.4/lib/rails/rack/log_tailer.rb:17:in `call'
/usr/lib/ruby/gems/1.8/gems/rack-1.0.0/lib/rack/content_length.rb:13:in `call'
/usr/lib/ruby/gems/1.8/gems/rack-1.0.0/lib/rack/chunked.rb:15:in `call'
/usr/lib/ruby/gems/1.8/gems/rack-1.0.0/lib/rack/handler/mongrel.rb:61:in `process'
/usr/lib/ruby/gems/1.8/gems/mongrel-1.1.5/lib/mongrel.rb:159:in `process_client'
/usr/lib/ruby/gems/1.8/gems/mongrel-1.1.5/lib/mongrel.rb:158:in `each'
/usr/lib/ruby/gems/1.8/gems/mongrel-1.1.5/lib/mongrel.rb:158:in `process_client'
/usr/lib/ruby/gems/1.8/gems/mongrel-1.1.5/lib/mongrel.rb:285:in `run'
/usr/lib/ruby/gems/1.8/gems/mongrel-1.1.5/lib/mongrel.rb:285:in `initialize'
/usr/lib/ruby/gems/1.8/gems/mongrel-1.1.5/lib/mongrel.rb:285:in `new'
/usr/lib/ruby/gems/1.8/gems/mongrel-1.1.5/lib/mongrel.rb:285:in `run'
/usr/lib/ruby/gems/1.8/gems/mongrel-1.1.5/lib/mongrel.rb:268:in `initialize'
/usr/lib/ruby/gems/1.8/gems/mongrel-1.1.5/lib/mongrel.rb:268:in `new'
/usr/lib/ruby/gems/1.8/gems/mongrel-1.1.5/lib/mongrel.rb:268:in `run'
/usr/lib/ruby/gems/1.8/gems/rack-1.0.0/lib/rack/handler/mongrel.rb:34:in `run'
/usr/lib/ruby/gems/1.8/gems/rails-2.3.4/lib/commands/server.rb:111
/usr/local/lib/site_ruby/1.8/rubygems/custom_require.rb:31:in `gem_original_require'
/usr/local/lib/site_ruby/1.8/rubygems/custom_require.rb:31:in `require'
script/server:3

ActionView::TemplateError (compile error
/home/marco/NetBeansProjects/mdtest/app/views/masters/show.html.erb:20: syntax error, unexpected ')', expecting tASSOC
...ils/new_for_master', @detail ).to_s); @output_buffer.concat ...
                              ^) on line #20 of app/views/masters/show.html.erb:
17:   <%= render :partial => '/details/index_for_master', :collection => @master.details %>
18: </table>
19: 
20: <%= render :partial => '/details/new_for_master', @detail %>

    app/views/masters/show.html.erb:27:in `compile!'
    app/controllers/masters_controller.rb:18:in `show'

Rendered rescues/_trace (42.0ms)
Rendered rescues/_request_and_response (0.3ms)
Rendering rescues/layout (internal_server_error)


Processing MastersController#show (for 127.0.0.1 at 2009-09-11 17:55:04) [GET]
  Parameters: {"id"=>"1"}
  [4;35;1mMaster Load (0.2ms)[0m   [0mSELECT * FROM "masters" WHERE ("masters"."id" = 1) [0m
  [4;36;1mSQL (0.2ms)[0m   [0;1m SELECT name
 FROM sqlite_master
 WHERE type = 'table' AND NOT name = 'sqlite_sequence'
[0m

NoMethodError (undefined method `detail' for #<Class:0x7feb71e64ad8>):
  app/controllers/masters_controller.rb:17:in `show'

Rendered rescues/_trace (83.8ms)
Rendered rescues/_request_and_response (0.3ms)
Rendering rescues/layout (internal_server_error)


Processing MastersController#show (for 127.0.0.1 at 2009-09-11 17:55:20) [GET]
  Parameters: {"id"=>"1"}
  [4;35;1mMaster Load (0.2ms)[0m   [0mSELECT * FROM "masters" WHERE ("masters"."id" = 1) [0m
  [4;36;1mSQL (0.2ms)[0m   [0;1m SELECT name
 FROM sqlite_master
 WHERE type = 'table' AND NOT name = 'sqlite_sequence'
[0m

NoMethodError (undefined method `details' for #<Class:0x7feb721383b8>):
  app/controllers/masters_controller.rb:17:in `show'

Rendered rescues/_trace (32.4ms)
Rendered rescues/_request_and_response (0.3ms)
Rendering rescues/layout (internal_server_error)


Processing MastersController#show (for 127.0.0.1 at 2009-09-11 17:55:35) [GET]
  Parameters: {"id"=>"1"}
  [4;35;1mMaster Load (0.2ms)[0m   [0mSELECT * FROM "masters" WHERE ("masters"."id" = 1) [0m

ActiveRecord::UnknownAttributeError (unknown attribute: 1675068):
  app/controllers/masters_controller.rb:17:in `new'
  app/controllers/masters_controller.rb:17:in `show'

Rendered rescues/_trace (85.1ms)
Rendered rescues/_request_and_response (0.3ms)
Rendering rescues/layout (internal_server_error)


Processing MastersController#show (for 127.0.0.1 at 2009-09-11 17:56:16) [GET]
  Parameters: {"id"=>"1"}
  [4;36;1mMaster Load (0.2ms)[0m   [0;1mSELECT * FROM "masters" WHERE ("masters"."id" = 1) [0m
Rendering template within layouts/masters
Rendering masters/show
ERROR: compiling _run_erb_app47views47masters47show46html46erb RAISED compile error
/home/marco/NetBeansProjects/mdtest/app/views/masters/show.html.erb:20: syntax error, unexpected ')', expecting tASSOC
...ils/new_for_master', @detail ).to_s); @output_buffer.concat ...
                              ^
Function body:           def _run_erb_app47views47masters47show46html46erb(local_assigns)
            old_output_buffer = output_buffer;;@output_buffer = '';  __in_erb_template=true ; @output_buffer.concat "<p>\n  <b>Descrizione:</b>\n  "

; @output_buffer.concat((h @master.descrizione ).to_s); @output_buffer.concat "\n</p>\n\n<br />\n"



; @output_buffer.concat(( link_to 'Edit', edit_master_path(@master) ).to_s); @output_buffer.concat " |\n"
; @output_buffer.concat(( link_to 'Back', masters_path ).to_s); @output_buffer.concat "\n<br />\n<br />\n\n<table>\n  <tr>\n    <th>Descrizione</th>\n    <th>Master</th>\n  </tr>\n  "








; @output_buffer.concat(( render :partial => '/details/index_for_master', :collection => @master.details ).to_s); @output_buffer.concat "\n</table>\n\n"


; @output_buffer.concat(( render :partial => '/details/new_for_master', @detail ).to_s); @output_buffer.concat "\n\n\n\n"



; @output_buffer
          ensure
            self.output_buffer = old_output_buffer
          end
Backtrace: /home/marco/NetBeansProjects/mdtest/app/views/masters/show.html.erb:27:in `compile!'
/usr/lib/ruby/gems/1.8/gems/actionpack-2.3.4/lib/action_view/renderable.rb:61:in `compile'
/usr/lib/ruby/gems/1.8/gems/actionpack-2.3.4/lib/action_view/renderable.rb:28:in `render'
/usr/lib/ruby/gems/1.8/gems/actionpack-2.3.4/lib/action_view/template.rb:199:in `render_template'
/usr/lib/ruby/gems/1.8/gems/actionpack-2.3.4/lib/action_view/base.rb:260:in `render'
/usr/lib/ruby/gems/1.8/gems/actionpack-2.3.4/lib/action_view/base.rb:343:in `_render_with_layout'
/usr/lib/ruby/gems/1.8/gems/actionpack-2.3.4/lib/action_view/base.rb:257:in `render'
/usr/lib/ruby/gems/1.8/gems/actionpack-2.3.4/lib/action_controller/base.rb:1250:in `render_for_file'
/usr/lib/ruby/gems/1.8/gems/actionpack-2.3.4/lib/action_controller/base.rb:951:in `render_without_benchmark'
/usr/lib/ruby/gems/1.8/gems/actionpack-2.3.4/lib/action_controller/benchmarking.rb:51:in `render'
/usr/lib/ruby/gems/1.8/gems/activesupport-2.3.4/lib/active_support/core_ext/benchmark.rb:17:in `ms'
/usr/lib/ruby/1.8/benchmark.rb:308:in `realtime'
/usr/lib/ruby/gems/1.8/gems/activesupport-2.3.4/lib/active_support/core_ext/benchmark.rb:17:in `ms'
/usr/lib/ruby/gems/1.8/gems/actionpack-2.3.4/lib/action_controller/benchmarking.rb:51:in `render'
/usr/lib/ruby/gems/1.8/gems/actionpack-2.3.4/lib/action_controller/mime_responds.rb:135:in `send'
/usr/lib/ruby/gems/1.8/gems/actionpack-2.3.4/lib/action_controller/mime_responds.rb:135:in `custom'
/usr/lib/ruby/gems/1.8/gems/actionpack-2.3.4/lib/action_controller/mime_responds.rb:179:in `call'
/usr/lib/ruby/gems/1.8/gems/actionpack-2.3.4/lib/action_controller/mime_responds.rb:179:in `respond'
/usr/lib/ruby/gems/1.8/gems/actionpack-2.3.4/lib/action_controller/mime_responds.rb:173:in `each'
/usr/lib/ruby/gems/1.8/gems/actionpack-2.3.4/lib/action_controller/mime_responds.rb:173:in `respond'
/usr/lib/ruby/gems/1.8/gems/actionpack-2.3.4/lib/action_controller/mime_responds.rb:107:in `respond_to'
/home/marco/NetBeansProjects/mdtest/app/controllers/masters_controller.rb:19:in `show'
/usr/lib/ruby/gems/1.8/gems/actionpack-2.3.4/lib/action_controller/base.rb:1331:in `send'
/usr/lib/ruby/gems/1.8/gems/actionpack-2.3.4/lib/action_controller/base.rb:1331:in `perform_action_without_filters'
/usr/lib/ruby/gems/1.8/gems/actionpack-2.3.4/lib/action_controller/filters.rb:617:in `call_filters'
/usr/lib/ruby/gems/1.8/gems/actionpack-2.3.4/lib/action_controller/filters.rb:610:in `perform_action_without_benchmark'
/usr/lib/ruby/gems/1.8/gems/actionpack-2.3.4/lib/action_controller/benchmarking.rb:68:in `perform_action_without_rescue'
/usr/lib/ruby/gems/1.8/gems/activesupport-2.3.4/lib/active_support/core_ext/benchmark.rb:17:in `ms'
/usr/lib/ruby/1.8/benchmark.rb:308:in `realtime'
/usr/lib/ruby/gems/1.8/gems/activesupport-2.3.4/lib/active_support/core_ext/benchmark.rb:17:in `ms'
/usr/lib/ruby/gems/1.8/gems/actionpack-2.3.4/lib/action_controller/benchmarking.rb:68:in `perform_action_without_rescue'
/usr/lib/ruby/gems/1.8/gems/actionpack-2.3.4/lib/action_controller/rescue.rb:160:in `perform_action_without_flash'
/usr/lib/ruby/gems/1.8/gems/actionpack-2.3.4/lib/action_controller/flash.rb:146:in `perform_action'
/usr/lib/ruby/gems/1.8/gems/actionpack-2.3.4/lib/action_controller/base.rb:532:in `send'
/usr/lib/ruby/gems/1.8/gems/actionpack-2.3.4/lib/action_controller/base.rb:532:in `process_without_filters'
/usr/lib/ruby/gems/1.8/gems/actionpack-2.3.4/lib/action_controller/filters.rb:606:in `process'
/usr/lib/ruby/gems/1.8/gems/actionpack-2.3.4/lib/action_controller/base.rb:391:in `process'
/usr/lib/ruby/gems/1.8/gems/actionpack-2.3.4/lib/action_controller/base.rb:386:in `call'
/usr/lib/ruby/gems/1.8/gems/actionpack-2.3.4/lib/action_controller/routing/route_set.rb:437:in `call'
/usr/lib/ruby/gems/1.8/gems/actionpack-2.3.4/lib/action_controller/dispatcher.rb:87:in `dispatch'
/usr/lib/ruby/gems/1.8/gems/actionpack-2.3.4/lib/action_controller/dispatcher.rb:121:in `_call'
/usr/lib/ruby/gems/1.8/gems/actionpack-2.3.4/lib/action_controller/dispatcher.rb:130:in `build_middleware_stack'
/usr/lib/ruby/gems/1.8/gems/activerecord-2.3.4/lib/active_record/query_cache.rb:29:in `call'
/usr/lib/ruby/gems/1.8/gems/activerecord-2.3.4/lib/active_record/query_cache.rb:29:in `call'
/usr/lib/ruby/gems/1.8/gems/activerecord-2.3.4/lib/active_record/connection_adapters/abstract/query_cache.rb:34:in `cache'
/usr/lib/ruby/gems/1.8/gems/activerecord-2.3.4/lib/active_record/query_cache.rb:9:in `cache'
/usr/lib/ruby/gems/1.8/gems/activerecord-2.3.4/lib/active_record/query_cache.rb:28:in `call'
/usr/lib/ruby/gems/1.8/gems/activerecord-2.3.4/lib/active_record/connection_adapters/abstract/connection_pool.rb:361:in `call'
/usr/lib/ruby/gems/1.8/gems/rack-1.0.0/lib/rack/head.rb:9:in `call'
/usr/lib/ruby/gems/1.8/gems/rack-1.0.0/lib/rack/methodoverride.rb:24:in `call'
/usr/lib/ruby/gems/1.8/gems/actionpack-2.3.4/lib/action_controller/params_parser.rb:15:in `call'
/usr/lib/ruby/gems/1.8/gems/actionpack-2.3.4/lib/action_controller/session/cookie_store.rb:93:in `call'
/usr/lib/ruby/gems/1.8/gems/actionpack-2.3.4/lib/action_controller/failsafe.rb:26:in `call'
/usr/lib/ruby/gems/1.8/gems/rack-1.0.0/lib/rack/lock.rb:11:in `call'
/usr/lib/ruby/gems/1.8/gems/rack-1.0.0/lib/rack/lock.rb:11:in `synchronize'
/usr/lib/ruby/gems/1.8/gems/rack-1.0.0/lib/rack/lock.rb:11:in `call'
/usr/lib/ruby/gems/1.8/gems/actionpack-2.3.4/lib/action_controller/dispatcher.rb:114:in `call'
/usr/lib/ruby/gems/1.8/gems/actionpack-2.3.4/lib/action_controller/reloader.rb:34:in `run'
/usr/lib/ruby/gems/1.8/gems/actionpack-2.3.4/lib/action_controller/dispatcher.rb:108:in `call'
/usr/lib/ruby/gems/1.8/gems/rails-2.3.4/lib/rails/rack/static.rb:31:in `call'
/usr/lib/ruby/gems/1.8/gems/rack-1.0.0/lib/rack/urlmap.rb:46:in `call'
/usr/lib/ruby/gems/1.8/gems/rack-1.0.0/lib/rack/urlmap.rb:40:in `each'
/usr/lib/ruby/gems/1.8/gems/rack-1.0.0/lib/rack/urlmap.rb:40:in `call'
/usr/lib/ruby/gems/1.8/gems/rails-2.3.4/lib/rails/rack/debugger.rb:17:in `call'
/usr/lib/ruby/gems/1.8/gems/rails-2.3.4/lib/rails/rack/log_tailer.rb:17:in `call'
/usr/lib/ruby/gems/1.8/gems/rack-1.0.0/lib/rack/content_length.rb:13:in `call'
/usr/lib/ruby/gems/1.8/gems/rack-1.0.0/lib/rack/chunked.rb:15:in `call'
/usr/lib/ruby/gems/1.8/gems/rack-1.0.0/lib/rack/handler/mongrel.rb:61:in `process'
/usr/lib/ruby/gems/1.8/gems/mongrel-1.1.5/lib/mongrel.rb:159:in `process_client'
/usr/lib/ruby/gems/1.8/gems/mongrel-1.1.5/lib/mongrel.rb:158:in `each'
/usr/lib/ruby/gems/1.8/gems/mongrel-1.1.5/lib/mongrel.rb:158:in `process_client'
/usr/lib/ruby/gems/1.8/gems/mongrel-1.1.5/lib/mongrel.rb:285:in `run'
/usr/lib/ruby/gems/1.8/gems/mongrel-1.1.5/lib/mongrel.rb:285:in `initialize'
/usr/lib/ruby/gems/1.8/gems/mongrel-1.1.5/lib/mongrel.rb:285:in `new'
/usr/lib/ruby/gems/1.8/gems/mongrel-1.1.5/lib/mongrel.rb:285:in `run'
/usr/lib/ruby/gems/1.8/gems/mongrel-1.1.5/lib/mongrel.rb:268:in `initialize'
/usr/lib/ruby/gems/1.8/gems/mongrel-1.1.5/lib/mongrel.rb:268:in `new'
/usr/lib/ruby/gems/1.8/gems/mongrel-1.1.5/lib/mongrel.rb:268:in `run'
/usr/lib/ruby/gems/1.8/gems/rack-1.0.0/lib/rack/handler/mongrel.rb:34:in `run'
/usr/lib/ruby/gems/1.8/gems/rails-2.3.4/lib/commands/server.rb:111
/usr/local/lib/site_ruby/1.8/rubygems/custom_require.rb:31:in `gem_original_require'
/usr/local/lib/site_ruby/1.8/rubygems/custom_require.rb:31:in `require'
script/server:3

ActionView::TemplateError (compile error
/home/marco/NetBeansProjects/mdtest/app/views/masters/show.html.erb:20: syntax error, unexpected ')', expecting tASSOC
...ils/new_for_master', @detail ).to_s); @output_buffer.concat ...
                              ^) on line #20 of app/views/masters/show.html.erb:
17:   <%= render :partial => '/details/index_for_master', :collection => @master.details %>
18: </table>
19: 
20: <%= render :partial => '/details/new_for_master', @detail %>

    app/views/masters/show.html.erb:27:in `compile!'
    app/controllers/masters_controller.rb:19:in `show'

Rendered rescues/_trace (43.3ms)
Rendered rescues/_request_and_response (0.3ms)
Rendering rescues/layout (internal_server_error)


Processing MastersController#show (for 127.0.0.1 at 2009-09-11 17:57:01) [GET]
  Parameters: {"id"=>"1"}
  [4;35;1mMaster Load (0.2ms)[0m   [0mSELECT * FROM "masters" WHERE ("masters"."id" = 1) [0m
Rendering template within layouts/masters
Rendering masters/show
  [4;36;1mDetail Load (0.4ms)[0m   [0;1mSELECT * FROM "details" WHERE ("details".master_id = 1) [0m
Rendered details/_index_for_master (4.5ms)
Rendered details/_index_for_master (3.9ms)
Rendered details/_index_for_master (3.9ms)
Rendered details/_new_for_master (3.3ms)
Completed in 37ms (View: 26, DB: 1) | 200 OK [http://localhost/masters/1]


Processing DetailsController#create (for 127.0.0.1 at 2009-09-11 17:57:10) [POST]
  Parameters: {"commit"=>"Salva", "authenticity_token"=>"UYVg5kcDs7tns9qgfzAktF+QvSSJFabnPwuOCaqIqvM=", "detail"=>{"master_id"=>"1", "descrizione"=>"altro dettaglio"}}
  [4;35;1mDetail Create (58.3ms)[0m   [0mINSERT INTO "details" ("created_at", "updated_at", "descrizione", "master_id") VALUES('2009-09-11 15:57:10', '2009-09-11 15:57:10', 'altro dettaglio', 1)[0m
Redirected to http://localhost:3000/details/6
Completed in 83ms (DB: 58) | 302 Found [http://localhost/details]


Processing DetailsController#show (for 127.0.0.1 at 2009-09-11 17:57:10) [GET]
  Parameters: {"id"=>"6"}
  [4;36;1mDetail Load (0.2ms)[0m   [0;1mSELECT * FROM "details" WHERE ("details"."id" = 6) [0m
Rendering template within layouts/details
Rendering details/show
Completed in 14ms (View: 8, DB: 0) | 200 OK [http://localhost/details/6]


Processing DetailsController#index (for 127.0.0.1 at 2009-09-11 17:57:12) [GET]
  [4;35;1mDetail Load (1.0ms)[0m   [0mSELECT * FROM "details" [0m
Rendering template within layouts/details
Rendering details/index
Completed in 37ms (View: 31, DB: 1) | 200 OK [http://localhost/details]


Processing DetailsController#destroy (for 127.0.0.1 at 2009-09-11 17:57:19) [DELETE]
  Parameters: {"authenticity_token"=>"UYVg5kcDs7tns9qgfzAktF+QvSSJFabnPwuOCaqIqvM=", "id"=>"6"}
  [4;36;1mDetail Load (0.3ms)[0m   [0;1mSELECT * FROM "details" WHERE ("details"."id" = 6) [0m
  [4;35;1mDetail Destroy (0.3ms)[0m   [0mDELETE FROM "details" WHERE "id" = 6[0m
Redirected to http://localhost:3000/details
Completed in 18ms (DB: 1) | 302 Found [http://localhost/details/6]


Processing DetailsController#index (for 127.0.0.1 at 2009-09-11 17:57:19) [GET]
  [4;36;1mDetail Load (0.8ms)[0m   [0;1mSELECT * FROM "details" [0m
Rendering template within layouts/details
Rendering details/index
Completed in 72ms (View: 65, DB: 1) | 200 OK [http://localhost/details]


Processing ApplicationController#index (for 127.0.0.1 at 2009-09-11 17:57:31) [GET]

ActionController::RoutingError (No route matches "/master/1" with {:method=>:get}):
  

Rendering rescues/layout (not_found)


Processing MastersController#show (for 127.0.0.1 at 2009-09-11 17:57:36) [GET]
  Parameters: {"id"=>"1"}
  [4;35;1mMaster Load (0.2ms)[0m   [0mSELECT * FROM "masters" WHERE ("masters"."id" = 1) [0m
Rendering template within layouts/masters
Rendering masters/show
  [4;36;1mDetail Load (0.5ms)[0m   [0;1mSELECT * FROM "details" WHERE ("details".master_id = 1) [0m
Rendered details/_index_for_master (4.5ms)
Rendered details/_index_for_master (4.0ms)
Rendered details/_index_for_master (3.9ms)
Rendered details/_new_for_master (2.7ms)
Completed in 32ms (View: 20, DB: 1) | 200 OK [http://localhost/masters/1]


Processing DetailsController#create (for 127.0.0.1 at 2009-09-11 17:57:46) [POST]
  Parameters: {"commit"=>"Salva", "authenticity_token"=>"UYVg5kcDs7tns9qgfzAktF+QvSSJFabnPwuOCaqIqvM=", "detail"=>{"master_id"=>"1", "descrizione"=>"altro dettaglio"}}
  [4;35;1mDetail Create (0.4ms)[0m   [0mINSERT INTO "details" ("created_at", "updated_at", "descrizione", "master_id") VALUES('2009-09-11 15:57:46', '2009-09-11 15:57:46', 'altro dettaglio', 1)[0m
Redirected to http://localhost:3000/details/7
Completed in 17ms (DB: 0) | 302 Found [http://localhost/details]


Processing DetailsController#show (for 127.0.0.1 at 2009-09-11 17:57:46) [GET]
  Parameters: {"id"=>"7"}
  [4;36;1mDetail Load (0.2ms)[0m   [0;1mSELECT * FROM "details" WHERE ("details"."id" = 7) [0m
Rendering template within layouts/details
Rendering details/show
Completed in 9ms (View: 3, DB: 0) | 200 OK [http://localhost/details/7]


Processing DetailsController#index (for 127.0.0.1 at 2009-09-11 17:57:48) [GET]
  [4;35;1mDetail Load (1.0ms)[0m   [0mSELECT * FROM "details" [0m
Rendering template within layouts/details
Rendering details/index
Completed in 34ms (View: 27, DB: 1) | 200 OK [http://localhost/details]


Processing MastersController#index (for 127.0.0.1 at 2009-09-11 17:57:56) [GET]
  [4;36;1mMaster Load (0.5ms)[0m   [0;1mSELECT * FROM "masters" [0m
Rendering template within layouts/masters
Rendering masters/index
Completed in 68ms (View: 11, DB: 0) | 200 OK [http://localhost/]


Processing MastersController#show (for 127.0.0.1 at 2009-09-11 17:57:58) [GET]
  Parameters: {"id"=>"1"}
  [4;35;1mMaster Load (0.2ms)[0m   [0mSELECT * FROM "masters" WHERE ("masters"."id" = 1) [0m
Rendering template within layouts/masters
Rendering masters/show
  [4;36;1mDetail Load (0.5ms)[0m   [0;1mSELECT * FROM "details" WHERE ("details".master_id = 1) [0m
Rendered details/_index_for_master (4.5ms)
Rendered details/_index_for_master (3.9ms)
Rendered details/_index_for_master (3.9ms)
Rendered details/_index_for_master (3.9ms)
Rendered details/_new_for_master (2.6ms)
Completed in 35ms (View: 23, DB: 1) | 200 OK [http://localhost/masters/1]


Processing DetailsController#show (for 127.0.0.1 at 2009-09-11 18:15:12) [GET]
  Parameters: {"id"=>"1"}
  [4;35;1mDetail Load (0.3ms)[0m   [0mSELECT * FROM "details" WHERE ("details"."id" = 1) [0m
Rendering template within layouts/details
Rendering details/show
Completed in 12ms (View: 4, DB: 0) | 200 OK [http://localhost/details/1]


Processing DetailsController#index (for 127.0.0.1 at 2009-09-11 18:15:13) [GET]
Rendering template within layouts/details
Rendering details/index

ActionView::TemplateError (You have a nil object when you didn't expect it!
You might have expected an instance of Array.
The error occurred while evaluating nil.each) on line #9 of app/views/details/index.html.erb:
6:     <th>Master</th>
7:   </tr>
8: 
9: <% @details.each do |detail| %>
10:   <tr>
11:     <td><%=h detail.descrizione %></td>
12:     <td><%=h detail.master_id %></td>

    app/views/details/index.html.erb:9

Rendered rescues/_trace (40.1ms)
Rendered rescues/_request_and_response (0.3ms)
Rendering rescues/layout (internal_server_error)


Processing DetailsController#index (for 127.0.0.1 at 2009-09-11 18:15:57) [GET]
Rendering template within layouts/details
Rendering details/index

ActionView::TemplateError (You have a nil object when you didn't expect it!
You might have expected an instance of Array.
The error occurred while evaluating nil.each) on line #9 of app/views/details/index.html.erb:
6:     <th>Master</th>
7:   </tr>
8: 
9: <% @details.each do |detail| %>
10:   <tr>
11:     <td><%=h detail.descrizione %></td>
12:     <td><%=h detail.master_id %></td>

    app/views/details/index.html.erb:9

Rendered rescues/_trace (39.2ms)
Rendered rescues/_request_and_response (0.3ms)
Rendering rescues/layout (internal_server_error)


Processing DetailsController#index (for 127.0.0.1 at 2009-09-11 18:16:00) [GET]
Rendering template within layouts/details
Rendering details/index

ActionView::TemplateError (You have a nil object when you didn't expect it!
You might have expected an instance of Array.
The error occurred while evaluating nil.each) on line #9 of app/views/details/index.html.erb:
6:     <th>Master</th>
7:   </tr>
8: 
9: <% @details.each do |detail| %>
10:   <tr>
11:     <td><%=h detail.descrizione %></td>
12:     <td><%=h detail.master_id %></td>

    app/views/details/index.html.erb:9

Rendered rescues/_trace (93.4ms)
Rendered rescues/_request_and_response (0.3ms)
Rendering rescues/layout (internal_server_error)


Processing DetailsController#show (for 127.0.0.1 at 2009-09-11 18:16:07) [GET]
  Parameters: {"id"=>"1"}
  [4;36;1mDetail Load (0.3ms)[0m   [0;1mSELECT * FROM "details" WHERE ("details"."id" = 1) [0m
Rendering template within layouts/details
Rendering details/show
  [4;35;1mMaster Load (0.2ms)[0m   [0mSELECT * FROM "masters" WHERE ("masters"."id" = 1) [0m
Completed in 18ms (View: 10, DB: 0) | 200 OK [http://localhost/details/1]


Processing MastersController#show (for 127.0.0.1 at 2009-09-11 18:16:09) [GET]
  Parameters: {"id"=>"1"}
  [4;36;1mMaster Load (0.2ms)[0m   [0;1mSELECT * FROM "masters" WHERE ("masters"."id" = 1) [0m
Rendering template within layouts/masters
Rendering masters/show
  [4;35;1mDetail Load (0.5ms)[0m   [0mSELECT * FROM "details" WHERE ("details".master_id = 1) [0m
Rendered details/_index_for_master (4.5ms)
Rendered details/_index_for_master (3.9ms)
Rendered details/_index_for_master (3.9ms)
Rendered details/_index_for_master (3.9ms)
Rendered details/_new_for_master (2.6ms)
Completed in 34ms (View: 23, DB: 1) | 200 OK [http://localhost/masters/1]


Processing DetailsController#show (for 127.0.0.1 at 2009-09-11 18:16:43) [GET]
  Parameters: {"id"=>"1"}
  [4;36;1mDetail Load (0.3ms)[0m   [0;1mSELECT * FROM "details" WHERE ("details"."id" = 1) [0m
Rendering template within layouts/details
Rendering details/show
  [4;35;1mMaster Load (0.2ms)[0m   [0mSELECT * FROM "masters" WHERE ("masters"."id" = 1) [0m
Completed in 16ms (View: 9, DB: 1) | 200 OK [http://localhost/details/1]


Processing DetailsController#edit (for 127.0.0.1 at 2009-09-11 18:16:44) [GET]
  Parameters: {"id"=>"1"}
  [4;36;1mDetail Load (0.3ms)[0m   [0;1mSELECT * FROM "details" WHERE ("details"."id" = 1) [0m
Rendering template within layouts/details
Rendering details/edit
Rendered details/_form (5.6ms)
Completed in 22ms (View: 14, DB: 0) | 200 OK [http://localhost/details/1/edit]


Processing DetailsController#index (for 127.0.0.1 at 2009-09-11 18:16:47) [GET]
Rendering template within layouts/details
Rendering details/index

ActionView::TemplateError (You have a nil object when you didn't expect it!
You might have expected an instance of Array.
The error occurred while evaluating nil.each) on line #9 of app/views/details/index.html.erb:
6:     <th>Master</th>
7:   </tr>
8: 
9: <% @details.each do |detail| %>
10:   <tr>
11:     <td><%=h detail.descrizione %></td>
12:     <td><%=h detail.master_id %></td>

    app/views/details/index.html.erb:9

Rendered rescues/_trace (39.6ms)
Rendered rescues/_request_and_response (0.3ms)
Rendering rescues/layout (internal_server_error)


Processing DetailsController#index (for 127.0.0.1 at 2009-09-11 18:17:16) [GET]
Rendering template within layouts/details
Rendering details/index

ActionView::TemplateError (You have a nil object when you didn't expect it!
You might have expected an instance of Array.
The error occurred while evaluating nil.each) on line #9 of app/views/details/index.html.erb:
6:     <th>Master</th>
7:   </tr>
8: 
9: <% @details.each do |detail| %>
10:   <tr>
11:     <td><%=h detail.descrizione %></td>
12:     <td><%=h detail.master_id %></td>

    app/views/details/index.html.erb:9

Rendered rescues/_trace (91.7ms)
Rendered rescues/_request_and_response (0.3ms)
Rendering rescues/layout (internal_server_error)


Processing DetailsController#edit (for 127.0.0.1 at 2009-09-11 18:17:20) [GET]
  Parameters: {"id"=>"1"}
  [4;35;1mDetail Load (0.3ms)[0m   [0mSELECT * FROM "details" WHERE ("details"."id" = 1) [0m
Rendering template within layouts/details
Rendering details/edit
Rendered details/_form (4.7ms)
  [4;36;1mMaster Load (0.2ms)[0m   [0;1mSELECT * FROM "masters" WHERE ("masters"."id" = 1) [0m
Completed in 21ms (View: 14, DB: 0) | 200 OK [http://localhost/details/1/edit]


Processing MastersController#show (for 127.0.0.1 at 2009-09-11 18:17:22) [GET]
  Parameters: {"id"=>"1"}
  [4;35;1mMaster Load (0.3ms)[0m   [0mSELECT * FROM "masters" WHERE ("masters"."id" = 1) [0m
Rendering template within layouts/masters
Rendering masters/show
  [4;36;1mDetail Load (0.5ms)[0m   [0;1mSELECT * FROM "details" WHERE ("details".master_id = 1) [0m
Rendered details/_index_for_master (4.5ms)
Rendered details/_index_for_master (3.9ms)
Rendered details/_index_for_master (3.9ms)
Rendered details/_index_for_master (3.9ms)
Rendered details/_new_for_master (2.6ms)
Completed in 37ms (View: 23, DB: 1) | 200 OK [http://localhost/masters/1]


Processing DetailsController#destroy (for 127.0.0.1 at 2009-09-11 18:17:27) [DELETE]
  Parameters: {"authenticity_token"=>"UYVg5kcDs7tns9qgfzAktF+QvSSJFabnPwuOCaqIqvM=", "id"=>"7"}
  [4;35;1mDetail Load (0.2ms)[0m   [0mSELECT * FROM "details" WHERE ("details"."id" = 7) [0m
  [4;36;1mDetail Destroy (0.2ms)[0m   [0;1mDELETE FROM "details" WHERE "id" = 7[0m
  [4;35;1mMaster Load (0.2ms)[0m   [0mSELECT * FROM "masters" WHERE ("masters"."id" = 1) [0m
Redirected to http://localhost:3000/masters/1
Completed in 53ms (DB: 1) | 302 Found [http://localhost/details/7]


Processing MastersController#show (for 127.0.0.1 at 2009-09-11 18:17:27) [GET]
  Parameters: {"id"=>"1"}
  [4;36;1mMaster Load (0.2ms)[0m   [0;1mSELECT * FROM "masters" WHERE ("masters"."id" = 1) [0m
Rendering template within layouts/masters
Rendering masters/show
  [4;35;1mDetail Load (0.7ms)[0m   [0mSELECT * FROM "details" WHERE ("details".master_id = 1) [0m
Rendered details/_index_for_master (5.4ms)
Rendered details/_index_for_master (3.9ms)
Rendered details/_index_for_master (3.9ms)
Rendered details/_new_for_master (2.6ms)
Completed in 33ms (View: 21, DB: 1) | 200 OK [http://localhost/masters/1]


Processing DetailsController#create (for 127.0.0.1 at 2009-09-11 18:24:00) [POST]
  Parameters: {"commit"=>"Salva", "authenticity_token"=>"UYVg5kcDs7tns9qgfzAktF+QvSSJFabnPwuOCaqIqvM=", "detail"=>{"master_id"=>"1", "descrizione"=>""}}
  [4;36;1mSQL (0.4ms)[0m   [0;1m SELECT name
 FROM sqlite_master
 WHERE type = 'table' AND NOT name = 'sqlite_sequence'
[0m
  [4;35;1mSQL (0.2ms)[0m   [0m SELECT name
 FROM sqlite_master
 WHERE type = 'table' AND NOT name = 'sqlite_sequence'
[0m

NoMethodError (undefined method `validate_presence_of' for #<Class:0x7feb72215830>):
  app/models/detail.rb:3
  app/controllers/details_controller.rb:43:in `create'

Rendered rescues/_trace (38.0ms)
Rendered rescues/_request_and_response (0.3ms)
Rendering rescues/layout (internal_server_error)


Processing DetailsController#create (for 127.0.0.1 at 2009-09-11 18:24:11) [POST]
  Parameters: {"commit"=>"Salva", "authenticity_token"=>"UYVg5kcDs7tns9qgfzAktF+QvSSJFabnPwuOCaqIqvM=", "detail"=>{"master_id"=>"1", "descrizione"=>""}}
Rendering template within layouts/details
Rendering details/new
Rendered details/_form (9.8ms)
Completed in 23ms (View: 16, DB: 0) | 200 OK [http://localhost/details]


Processing DetailsController#create (for 127.0.0.1 at 2009-09-11 18:24:13) [POST]
  Parameters: {"commit"=>"Salva", "authenticity_token"=>"UYVg5kcDs7tns9qgfzAktF+QvSSJFabnPwuOCaqIqvM=", "detail"=>{"master_id"=>"1", "descrizione"=>""}}
Rendering template within layouts/details
Rendering details/new
Rendered details/_form (8.0ms)
Completed in 17ms (View: 9, DB: 0) | 200 OK [http://localhost/details]


Processing DetailsController#create (for 127.0.0.1 at 2009-09-11 18:24:16) [POST]
  Parameters: {"commit"=>"Salva", "authenticity_token"=>"UYVg5kcDs7tns9qgfzAktF+QvSSJFabnPwuOCaqIqvM=", "detail"=>{"master_id"=>"1", "descrizione"=>"aaaa"}}
  [4;36;1mDetail Create (0.2ms)[0m   [0;1mINSERT INTO "details" ("created_at", "updated_at", "descrizione", "master_id") VALUES('2009-09-11 16:24:16', '2009-09-11 16:24:16', 'aaaa', 1)[0m
  [4;35;1mMaster Load (0.2ms)[0m   [0mSELECT * FROM "masters" WHERE ("masters"."id" = 1) [0m
Redirected to http://localhost:3000/masters/1
Completed in 20ms (DB: 0) | 302 Found [http://localhost/details]


Processing MastersController#show (for 127.0.0.1 at 2009-09-11 18:24:16) [GET]
  Parameters: {"id"=>"1"}
  [4;36;1mMaster Load (0.2ms)[0m   [0;1mSELECT * FROM "masters" WHERE ("masters"."id" = 1) [0m
Rendering template within layouts/masters
Rendering masters/show
  [4;35;1mDetail Load (0.7ms)[0m   [0mSELECT * FROM "details" WHERE ("details".master_id = 1) [0m
Rendered details/_index_for_master (4.7ms)
Rendered details/_index_for_master (3.9ms)
Rendered details/_index_for_master (3.9ms)
Rendered details/_index_for_master (3.9ms)
Rendered details/_new_for_master (2.7ms)
Completed in 38ms (View: 24, DB: 1) | 200 OK [http://localhost/masters/1]


Processing DetailsController#edit (for 127.0.0.1 at 2009-09-11 18:24:21) [GET]
  Parameters: {"id"=>"1"}
  [4;36;1mDetail Load (0.3ms)[0m   [0;1mSELECT * FROM "details" WHERE ("details"."id" = 1) [0m
Rendering template within layouts/details
Rendering details/edit
Rendered details/_form (4.6ms)
  [4;35;1mMaster Load (0.2ms)[0m   [0mSELECT * FROM "masters" WHERE ("masters"."id" = 1) [0m
Completed in 17ms (View: 11, DB: 0) | 200 OK [http://localhost/details/1/edit]


Processing DetailsController#update (for 127.0.0.1 at 2009-09-11 18:24:27) [PUT]
  Parameters: {"commit"=>"Salva", "authenticity_token"=>"UYVg5kcDs7tns9qgfzAktF+QvSSJFabnPwuOCaqIqvM=", "id"=>"1", "detail"=>{"master_id"=>"1", "descrizione"=>""}}
  [4;36;1mDetail Load (0.2ms)[0m   [0;1mSELECT * FROM "details" WHERE ("details"."id" = 1) [0m
Rendering template within layouts/details
Rendering details/edit
Rendered details/_form (8.4ms)
  [4;35;1mMaster Load (0.2ms)[0m   [0mSELECT * FROM "masters" WHERE ("masters"."id" = 1) [0m
Completed in 24ms (View: 15, DB: 0) | 200 OK [http://localhost/details/1]


Processing DetailsController#update (for 127.0.0.1 at 2009-09-11 18:24:31) [PUT]
  Parameters: {"commit"=>"Salva", "authenticity_token"=>"UYVg5kcDs7tns9qgfzAktF+QvSSJFabnPwuOCaqIqvM=", "id"=>"1", "detail"=>{"master_id"=>"1", "descrizione"=>"Dettaglio 1 di master 1"}}
  [4;36;1mDetail Load (0.3ms)[0m   [0;1mSELECT * FROM "details" WHERE ("details"."id" = 1) [0m
  [4;35;1mMaster Load (0.2ms)[0m   [0mSELECT * FROM "masters" WHERE ("masters"."id" = 1) [0m
Redirected to http://localhost:3000/masters/1
Completed in 62ms (DB: 0) | 302 Found [http://localhost/details/1]


Processing MastersController#show (for 127.0.0.1 at 2009-09-11 18:24:31) [GET]
  Parameters: {"id"=>"1"}
  [4;36;1mMaster Load (0.2ms)[0m   [0;1mSELECT * FROM "masters" WHERE ("masters"."id" = 1) [0m
Rendering template within layouts/masters
Rendering masters/show
  [4;35;1mDetail Load (0.5ms)[0m   [0mSELECT * FROM "details" WHERE ("details".master_id = 1) [0m
Rendered details/_index_for_master (4.6ms)
Rendered details/_index_for_master (4.0ms)
Rendered details/_index_for_master (4.1ms)
Rendered details/_index_for_master (3.9ms)
Rendered details/_new_for_master (2.7ms)
Completed in 36ms (View: 23, DB: 1) | 200 OK [http://localhost/masters/1]
